#
# There is insufficient memory for the Java Runtime Environment to continue.
# Native memory allocation (mmap) failed to map 134217728 bytes for Failed to commit area from 0x00000000e0000000 to 0x00000000e8000000 of length 134217728.
# Possible reasons:
#   The system is out of physical RAM or swap space
#   The process is running with CompressedOops enabled, and the Java Heap may be blocking the growth of the native heap
# Possible solutions:
#   Reduce memory load on the system
#   Increase physical memory or swap space
#   Check if swap backing store is full
#   Decrease Java heap size (-Xmx/-Xms)
#   Decrease number of Java threads
#   Decrease Java thread stack sizes (-Xss)
#   Set larger code cache with -XX:ReservedCodeCacheSize=
# This output file may be truncated or incomplete.
#
#  Out of Memory Error (./src/hotspot/os/windows/os_windows.cpp:3521), pid=17404, tid=11552
#
# JRE version:  (11.0.12+7) (build )
# Java VM: OpenJDK 64-Bit Server VM (11.0.12+7-b1504.28-7817840, mixed mode, sharing, tiered, compressed oops, g1 gc, windows-amd64)
# No core dump will be written. Minidumps are not enabled by default on client versions of Windows
#

---------------  S U M M A R Y ------------

Command Line: -Djava.awt.headless=true -Dorg.gradle.internal.worker.tmpdir=C:\Users\hp\AndroidStudioProjects\DiceGame\app\build\tmp\testDebugUnitTest\work -Dorg.gradle.native=false --add-opens=java.base/java.util=ALL-UNNAMED --add-opens=java.base/java.lang=ALL-UNNAMED -Xmx512m -Dfile.encoding=UTF-8 -Duser.country=US -Duser.language=en -Duser.variant -ea worker.org.gradle.process.internal.worker.GradleWorkerMain 'Gradle Test Executor 1'

Host: Intel(R) Core(TM) i5-6200U CPU @ 2.30GHz, 4 cores, 7G,  Windows 10 , 64 bit Build 19041 (10.0.19041.1889)
Time: Tue Sep  6 01:23:08 2022 India Standard Time elapsed time: 0.019817 seconds (0d 0h 0m 0s)

---------------  T H R E A D  ---------------

Current thread (0x00000275ae998000):  JavaThread "Unknown thread" [_thread_in_vm, id=11552, stack(0x000000f279600000,0x000000f279700000)]

Stack: [0x000000f279600000,0x000000f279700000]
Native frames: (J=compiled Java code, j=interpreted, Vv=VM code, C=native code)
V  [jvm.dll+0x5fbcea]
V  [jvm.dll+0x731905]
V  [jvm.dll+0x732f1d]
V  [jvm.dll+0x7335d3]
V  [jvm.dll+0x247bf8]
V  [jvm.dll+0x5f90b4]
V  [jvm.dll+0x5edc85]
V  [jvm.dll+0x305aeb]
V  [jvm.dll+0x305a5a]
V  [jvm.dll+0x305932]
V  [jvm.dll+0x30a896]
V  [jvm.dll+0x353803]
V  [jvm.dll+0x353f06]
V  [jvm.dll+0x353903]
V  [jvm.dll+0x2e0678]
V  [jvm.dll+0x2e1827]
V  [jvm.dll+0x710037]
V  [jvm.dll+0x71182c]
V  [jvm.dll+0x360da9]
V  [jvm.dll+0x6f390e]
V  [jvm.dll+0x3c9723]
V  [jvm.dll+0x3cb9b1]
C  [jli.dll+0x536b]
C  [ucrtbase.dll+0x21bb2]
C  [KERNEL32.DLL+0x17034]
C  [ntdll.dll+0x52651]


---------------  P R O C E S S  ---------------

Threads class SMR info:
_java_thread_list=0x00000275ac7b6690, length=0, elements={
}

Java Threads: ( => current thread )

Other Threads:
  0x00000275ae9b0800 GCTaskThread "GC Thread#0" [stack: 0x000000f279700000,0x000000f279800000] [id=13888]
  0x00000275ae9c0800 ConcurrentGCThread "G1 Main Marker" [stack: 0x000000f279800000,0x000000f279900000] [id=12876]
  0x00000275ae9c1800 ConcurrentGCThread "G1 Conc#0" [stack: 0x000000f279900000,0x000000f279a00000] [id=16588]

[error occurred during error reporting (printing all threads), id 0xc0000005, EXCEPTION_ACCESS_VIOLATION (0xc0000005) at pc=0x00007ffa43510be7]

VM state:not at safepoint (not fully initialized)

VM Mutex/Monitor currently owned by a thread:  ([mutex/lock_event])
[0x00000275ae993290] Heap_lock - owner thread: 0x00000275ae998000

Heap address: 0x00000000e0000000, size: 512 MB, Compressed Oops mode: Non-zero based: 0x00000000e0000000
Narrow klass base: 0x0000000000000000, Narrow klass shift: 0

GC Heap History (0 events):
No events

Deoptimization events (0 events):
No events

Classes redefined (0 events):
No events

Internal exceptions (0 events):
No events

Events (1 events):
Event: 0.012 Loaded shared library F:\Softwares\AndroidStudio\jre\bin\zip.dll


Dynamic libraries:
0x00007ff620630000 - 0x00007ff62063a000 	F:\Softwares\AndroidStudio\jre\bin\java.exe
0x00007ffa96730000 - 0x00007ffa96928000 	C:\WINDOWS\SYSTEM32\ntdll.dll
0x00007ffa96630000 - 0x00007ffa966ed000 	C:\WINDOWS\System32\KERNEL32.DLL
0x00007ffa94350000 - 0x00007ffa9461e000 	C:\WINDOWS\System32\KERNELBASE.dll
0x00007ffa93e50000 - 0x00007ffa93f50000 	C:\WINDOWS\System32\ucrtbase.dll
0x00007ffa75b30000 - 0x00007ffa75b49000 	F:\Softwares\AndroidStudio\jre\bin\jli.dll
0x00007ffa6ed70000 - 0x00007ffa6ed87000 	F:\Softwares\AndroidStudio\jre\bin\VCRUNTIME140.dll
0x00007ffa94b50000 - 0x00007ffa94cf0000 	C:\WINDOWS\System32\USER32.dll
0x00007ffa94760000 - 0x00007ffa94782000 	C:\WINDOWS\System32\win32u.dll
0x00007ffa960c0000 - 0x00007ffa960ea000 	C:\WINDOWS\System32\GDI32.dll
0x00007ffa820f0000 - 0x00007ffa8238a000 	C:\WINDOWS\WinSxS\amd64_microsoft.windows.common-controls_6595b64144ccf1df_6.0.19041.1110_none_60b5254171f9507e\COMCTL32.dll
0x00007ffa94620000 - 0x00007ffa9472b000 	C:\WINDOWS\System32\gdi32full.dll
0x00007ffa93f50000 - 0x00007ffa93fed000 	C:\WINDOWS\System32\msvcp_win.dll
0x00007ffa96590000 - 0x00007ffa9662e000 	C:\WINDOWS\System32\msvcrt.dll
0x00007ffa95b30000 - 0x00007ffa95b60000 	C:\WINDOWS\System32\IMM32.DLL
0x00007ffa5a2f0000 - 0x00007ffa5a38d000 	F:\Softwares\AndroidStudio\jre\bin\msvcp140.dll
0x00007ffa43220000 - 0x00007ffa43d05000 	F:\Softwares\AndroidStudio\jre\bin\server\jvm.dll
0x00007ffa964e0000 - 0x00007ffa9658e000 	C:\WINDOWS\System32\ADVAPI32.dll
0x00007ffa94820000 - 0x00007ffa948bc000 	C:\WINDOWS\System32\sechost.dll
0x00007ffa963b0000 - 0x00007ffa964d5000 	C:\WINDOWS\System32\RPCRT4.dll
0x00007ffa95ff0000 - 0x00007ffa95ff8000 	C:\WINDOWS\System32\PSAPI.DLL
0x00007ffa925d0000 - 0x00007ffa925d9000 	C:\WINDOWS\SYSTEM32\WSOCK32.dll
0x00007ffa8db30000 - 0x00007ffa8db3a000 	C:\WINDOWS\SYSTEM32\VERSION.dll
0x00007ffa8dd90000 - 0x00007ffa8ddb7000 	C:\WINDOWS\SYSTEM32\WINMM.dll
0x00007ffa95c10000 - 0x00007ffa95c7b000 	C:\WINDOWS\System32\WS2_32.dll
0x00007ffa92710000 - 0x00007ffa92722000 	C:\WINDOWS\SYSTEM32\kernel.appcore.dll
0x00007ffa6c530000 - 0x00007ffa6c541000 	F:\Softwares\AndroidStudio\jre\bin\verify.dll
0x00007ffa91c10000 - 0x00007ffa91df4000 	C:\WINDOWS\SYSTEM32\DBGHELP.DLL
0x00007ffa8b1a0000 - 0x00007ffa8b1cc000 	C:\WINDOWS\SYSTEM32\dbgcore.DLL
0x00007ffa94270000 - 0x00007ffa942f2000 	C:\WINDOWS\System32\bcryptPrimitives.dll
0x00007ffa6bf60000 - 0x00007ffa6bf89000 	F:\Softwares\AndroidStudio\jre\bin\java.dll
0x00007ffa7b4e0000 - 0x00007ffa7b4eb000 	F:\Softwares\AndroidStudio\jre\bin\jimage.dll
0x00007ffa6a780000 - 0x00007ffa6a798000 	F:\Softwares\AndroidStudio\jre\bin\zip.dll

dbghelp: loaded successfully - version: 4.0.5 - missing functions: none
symbol engine: initialized successfully - sym options: 0x614 - pdb path: .;F:\Softwares\AndroidStudio\jre\bin;C:\WINDOWS\SYSTEM32;C:\WINDOWS\WinSxS\amd64_microsoft.windows.common-controls_6595b64144ccf1df_6.0.19041.1110_none_60b5254171f9507e;F:\Softwares\AndroidStudio\jre\bin\server

VM Arguments:
jvm_args: -Djava.awt.headless=true -Dorg.gradle.internal.worker.tmpdir=C:\Users\hp\AndroidStudioProjects\DiceGame\app\build\tmp\testDebugUnitTest\work -Dorg.gradle.native=false --add-opens=java.base/java.util=ALL-UNNAMED --add-opens=java.base/java.lang=ALL-UNNAMED -Xmx512m -Dfile.encoding=UTF-8 -Duser.country=US -Duser.language=en -Duser.variant -ea 
java_command: worker.org.gradle.process.internal.worker.GradleWorkerMain 'Gradle Test Executor 1'
java_class_path (initial): C:\\Users\\hp\\.gradle\\caches\\7.3.3\\workerMain\\gradle-worker.jar;C:\\Users\\hp\\AndroidStudioProjects\\DiceGame\\app\\build\\tmp\\kotlin-classes\\debugUnitTest;C:\\Users\\hp\\AndroidStudioProjects\\DiceGame\\app\\build\\intermediates\\runtime_app_classes_jar\\debug\\classes.jar;C:\\Users\\hp\\.gradle\\caches\\modules-2\\files-2.1\\junit\\junit\\4.13.2\\8ac9e16d933b6fb43bc7f576336b8f4d7eb5ba12\\junit-4.13.2.jar;C:\\Users\\hp\\.gradle\\caches\\transforms-3\\f202f3346a00296bdb676342cdd3d105\\transformed\\material-1.6.1-runtime.jar;C:\\Users\\hp\\.gradle\\caches\\transforms-3\\37155c242324e5e752cc393edce47b16\\transformed\\constraintlayout-2.1.4-runtime.jar;C:\\Users\\hp\\.gradle\\caches\\transforms-3\\271170b82f6b34a31229804ad481d331\\transformed\\appcompat-resources-1.5.0-runtime.jar;C:\\Users\\hp\\.gradle\\caches\\transforms-3\\de75745f00a47e64b8b3f86e391b9245\\transformed\\appcompat-1.5.0-runtime.jar;C:\\Users\\hp\\.gradle\\caches\\transforms-3\\71490d100337daf93281875a48db134a\\transformed\\viewpager2-1.0.0-runtime.jar;C:\\Users\\hp\\.gradle\\caches\\transforms-3\\7a3eb53beb4d8e7f994dcc5c6236acd8\\transformed\\fragment-1.3.6-runtime.jar;C:\\Users\\hp\\.gradle\\caches\\transforms-3\\ff082233b7f43bb1f2728bb36b5a0354\\transformed\\activity-1.5.0-runtime.jar;C:\\Users\\hp\\.gradle\\caches\\transforms-3\\c9a360e8875287b8571891d7bcc70b3a\\transformed\\dynamicanimation-1.0.0-runtime.jar;C:\\Users\\hp\\.gradle\\caches\\transforms-3\\8a386d3ba9038cd9601ef55b490f2763\\transformed\\legacy-support-core-utils-1.0.0-runtime.jar;C:\\Users\\hp\\.gradle\\caches\\transforms-3\\b6095a702c9456529c10efe488903be0\\transformed\\loader-1.0.0-runtime.jar;C:\\Users\\hp\\.gradle\\caches\\transforms-3\\5b44599e204afa9b7669f2b92068834f\\transformed\\lifecycle-viewmodel-2.5.0-runtime.jar;C:\\Users\\hp\\.gradle\\caches\\transforms-3\\ca4d51d19014b82b41430f4357367a54\\transformed\\lifecycle-viewmodel-savedstate-2.5.0-runtime.jar;C:\\Users\\hp\\.gradle\\caches\\mod
Launcher Type: SUN_STANDARD

[Global flags]
     intx CICompilerCount                          = 3                                         {product} {ergonomic}
     uint ConcGCThreads                            = 1                                         {product} {ergonomic}
     uint G1ConcRefinementThreads                  = 4                                         {product} {ergonomic}
   size_t G1HeapRegionSize                         = 1048576                                   {product} {ergonomic}
    uintx GCDrainStackTargetSize                   = 64                                        {product} {ergonomic}
   size_t InitialHeapSize                          = 134217728                                 {product} {ergonomic}
   size_t MarkStackSize                            = 4194304                                   {product} {ergonomic}
   size_t MaxHeapSize                              = 536870912                                 {product} {command line}
   size_t MinHeapDeltaBytes                        = 1048576                                   {product} {ergonomic}
    uintx NonNMethodCodeHeapSize                   = 5830732                                {pd product} {ergonomic}
    uintx NonProfiledCodeHeapSize                  = 122913754                              {pd product} {ergonomic}
    uintx ProfiledCodeHeapSize                     = 122913754                              {pd product} {ergonomic}
    uintx ReservedCodeCacheSize                    = 251658240                              {pd product} {ergonomic}
     bool SegmentedCodeCache                       = true                                      {product} {ergonomic}
     bool UseCompressedClassPointers               = true                                 {lp64_product} {ergonomic}
     bool UseCompressedOops                        = true                                 {lp64_product} {ergonomic}
     bool UseG1GC                                  = true                                      {product} {ergonomic}
     bool UseLargePagesIndividualAllocation        = false                                  {pd product} {ergonomic}

Logging:
Log output configuration:
 #0: stdout all=warning uptime,level,tags
 #1: stderr all=off uptime,level,tags

Environment Variables:
JAVA_HOME=C:\Program Files\Java\jdk-14.0.1
PATH=C:\Program Files (x86)\Intel\iCLS Client\;C:\Program Files\Intel\iCLS Client\;C:\windows\system32;C:\windows;C:\windows\System32\Wbem;C:\windows\System32\WindowsPowerShell\v1.0\;C:\Program Files\Common Files\Autodesk Shared\;C:\Program Files (x86)\Common Files\lenovo\easyplussdk\bin;C:\Program Files (x86)\Calibre2\;C:\Program Files (x86)\Autodesk\Backburner\;C:\WINDOWS\system32;C:\WINDOWS;C:\WINDOWS\System32\Wbem;C:\WINDOWS\System32\WindowsPowerShell\v1.0\;C:\Program Files\Microsoft SQL Server\120\Tools\Binn\;C:\Program Files (x86)\Intel\Intel(R) Management Engine Components\DAL;C:\Program Files\Intel\Intel(R) Management Engine Components\DAL;C:\Program Files (x86)\Intel\Intel(R) Management Engine Components\IPT;C:\Program Files\Intel\Intel(R) Management Engine Components\IPT;C:\Program Files\Java\jdk-14.0.1\bin;F:\Softwares\Python\Python39;C:\Program Files\NVIDIA Corporation\NVIDIA NvDLISR;C:\Program Files\Intel\WiFi\bin\;C:\Program Files\Common Files\Intel\WirelessCommon\;C:\WINDOWS\system32;C:\WINDOWS;C:\WINDOWS\System32\Wbem;C:\WINDOWS\System32\WindowsPowerShell\v1.0\;C:\WINDOWS\System32\OpenSSH\;C:\Program Files (x86)\NVIDIA Corporation\PhysX\Common;C:\Program Files\Git\cmd;C:\Program Files (x86)\Vim\vim82;C:\ProgramData\chocolatey\bin;F:\Softwares\Python\Python39\Scripts\;F:\Softwares\Python\Python39\;C:\Users\hp\AppData\Local\Microsoft\WindowsApps;C:\Program Files\mingw-w64\x86_64-8.1.0-posix-seh-rt_v6-rev0\mingw64\bin;C:\Program Files\Git\cmd;;C:\Users\hp\AppData\Local\Programs\Microsoft VS Code\bin
USERNAME=hp
OS=Windows_NT
PROCESSOR_IDENTIFIER=Intel64 Family 6 Model 78 Stepping 3, GenuineIntel



---------------  S Y S T E M  ---------------

OS: Windows 10 , 64 bit Build 19041 (10.0.19041.1889)
OS uptime: 1 days 8:57 hours

CPU:total 4 (initial active 4) (2 cores per cpu, 2 threads per core) family 6 model 78 stepping 3 microcode 0xcc, cmov, cx8, fxsr, mmx, sse, sse2, sse3, ssse3, sse4.1, sse4.2, popcnt, avx, avx2, aes, clmul, erms, 3dnowpref, lzcnt, ht, tsc, tscinvbit, bmi1, bmi2, adx, fma

Memory: 4k page, system-wide physical 8081M (820M free)
TotalPageFile size 9987M (AvailPageFile size 86M)
current process WorkingSet (physical memory assigned to process): 9M, peak: 9M
current process commit charge ("private bytes"): 51M, peak: 179M

vm_info: OpenJDK 64-Bit Server VM (11.0.12+7-b1504.28-7817840) for windows-amd64 JRE (11.0.12+7-b1504.28-7817840), built on Oct 13 2021 22:12:33 by "builder" with MS VC++ 14.0 (VS2015)

END.
